<?xml version="1.0" encoding="UTF-8"?>
<Site BuildName="(empty)"
	BuildStamp="20240712-1205-Experimental"
	Name="(empty)"
	Generator="ctest-3.28.3"
	CompilerName=""
	CompilerVersion=""
	OSName="Linux"
	Hostname="nikUbuntuV"
	OSRelease="6.8.0-38-generic"
	OSVersion="#38-Ubuntu SMP PREEMPT_DYNAMIC Fri Jun  7 15:25:01 UTC 2024"
	OSPlatform="x86_64"
	Is64Bits="1"
	VendorString="AuthenticAMD"
	VendorID="Advanced Micro Devices"
	FamilyID="23"
	ModelID="96"
	ProcessorCacheSize="512"
	NumberOfLogicalCPU="6"
	NumberOfPhysicalCPU="6"
	TotalVirtualMemory="4095"
	TotalPhysicalMemory="10604"
	LogicalProcessorsPerPhysical="1"
	ProcessorClockFrequency="2994.37"
	>
	<Testing>
		<StartDateTime>Jul 12 15:05 MSK</StartDateTime>
		<StartTestTime>1720785946</StartTestTime>
		<TestList/>
		<EndDateTime>Jul 12 15:05 MSK</EndDateTime>
		<EndTestTime>1720785946</EndTestTime>
		<ElapsedMinutes>0</ElapsedMinutes>
	</Testing>
</Site>
